--- idf_monitor on /dev/ttyUSB0 74880 ---
--- Quit: Ctrl+] | Menu: Ctrl+T | Help: Ctrl+T followed by Ctrl+H ---
 ets Jan  8 2013,rst cause:2, boot mode:(3,7)

load 0x40100000, len 7136, room 16 
tail 0
chksum 0x1e
load 0x3ffe8408, len 24, room 8 
tail 0
chksum 0xa7
load 0x3ffe8420, len 3336, room 8 
tail 0
chksum 0xb7
I (43) boot: ESP-IDF v3.4-dev-357-g3aeaa893-dirty 2nd stage bootloader
I (43) boot: compile time 00:31:41
I (45) boot: SPI Speed      : 40MHz
I (51) boot: SPI Mode       : DOUT
I (57) boot: SPI Flash Size : 1MB
I (63) boot: Partition Table:
I (69) boot: ## Label            Usage          Type ST Offset   Length
I (80) boot:  0 nvs              WiFi data        01 02 00009000 00006000
I (92) boot:  1 phy_init         RF data          01 01 0000f000 00001000
I (103) boot:  2 factory          factory app      00 00 00010000 000f0000
I (115) boot: End of partition table
I (121) esp_image: segment 0: paddr=0x00010010 vaddr=0x40210010 size=0x14744 ( 83780) map
0x40210010: _stext at ??:?

I (171) esp_image: segment 1: paddr=0x0002475c vaddr=0x40224754 size=0x05768 ( 22376) map
I (182) esp_image: segment 2: paddr=0x00029ecc vaddr=0x3ffe8000 size=0x003dc (   988) load
I (183) esp_image: segment 3: paddr=0x0002a2b0 vaddr=0x40100000 size=0x00080 (   128) load
I (196) esp_image: segment 4: paddr=0x0002a338 vaddr=0x40100080 size=0x044bc ( 17596) load
I (217) boot: Loaded app from partition at offset 0x10000
I (250) main: Enrique Ramkissoon 816013485

I (252) gpio: GPIO[2]| InputEn: 0| OutputEn: 1| OpenDrain: 0| Pullup: 0| Pulldown: 0| Intr:0 
I (1257) main: The GPIO pin is currently: 0

I (1259) main: Going to sleep for 250ms
I (1520) main: Going to sleep for 250ms
I (2262) main: The GPIO pin is currently: 1

I (2772) main: Going to sleep for 250ms
I (3033) main: Going to sleep for 250ms
I (3285) main: The GPIO pin is currently: 0

I (3295) main: Going to sleep for 250ms
I (3557) main: Going to sleep for 250ms
I (4288) main: The GPIO pin is currently: 0

I (4808) main: Going to sleep for 250ms
I (5070) main: Going to sleep for 250ms
I (5321) main: The GPIO pin is currently: 1

I (6321) main: The GPIO pin is currently: 1

I (6331) main: Going to sleep for 250ms
I (6593) main: Going to sleep for 250ms
I (7325) main: The GPIO pin is currently: 0

I (7855) main: Going to sleep for 250ms
I (8116) main: Going to sleep for 250ms
I (8368) main: The GPIO pin is currently: 1

I (9368) main: The GPIO pin is currently: 1

I (9378) main: Going to sleep for 250ms
I (9639) main: Going to sleep for 250ms
I (10371) main: The GPIO pin is currently: 0

I (10901) main: Going to sleep for 250ms
I (11163) main: Going to sleep for 250ms
I (11414) main: The GPIO pin is currently: 1

I (12414) main: The GPIO pin is currently: 1

I (12424) main: Going to sleep for 250ms
I (12686) main: Going to sleep for 250ms
I (13418) main: The GPIO pin is currently: 0

I (13938) main: Going to sleep for 250ms
I (14199) main: Going to sleep for 250ms
I (14451) main: The GPIO pin is currently: 1

I (15451) main: The GPIO pin is currently: 1

I (15461) main: Going to sleep for 250ms
I (15722) main: Going to sleep for 250ms
I (16454) main: The GPIO pin is currently: 0

I (16984) main: Going to sleep for 250ms
I (17246) main: Going to sleep for 250ms
I (17497) main: The GPIO pin is currently: 1

I (18497) main: The GPIO pin is currently: 1

I (18507) main: Going to sleep for 250ms
I (18769) main: Going to sleep for 250ms
I (19501) main: The GPIO pin is currently: 0

I (20021) main: Going to sleep for 250ms
I (20282) main: Going to sleep for 250ms
I (20534) main: The GPIO pin is currently: 1

I (21534) main: The GPIO pin is currently: 1

I (21544) main: Going to sleep for 250ms
I (21805) main: Going to sleep for 250ms
I (22537) main: The GPIO pin is currently: 0

I (23067) main: Going to sleep for 250ms
I (23329) main: Going to sleep for 250ms
I (23580) main: The GPIO pin is currently: 1

I (24581) main: The GPIO pin is currently: 1

I (24591) main: Going to sleep for 250ms
I (24852) main: Going to sleep for 250ms
I (25584) main: The GPIO pin is currently: 0

I (26104) main: Going to sleep for 250ms
I (26365) main: Going to sleep for 250ms
I (26617) main: The GPIO pin is currently: 1

I (27617) main: The GPIO pin is currently: 1

I (27627) main: Going to sleep for 250ms
I (27889) main: Going to sleep for 250ms
I (28620) main: The GPIO pin is currently: 0

I (29150) main: Going to sleep for 250ms
I (29412) main: Going to sleep for 250ms
I (29663) main: The GPIO pin is currently: 1

I (30664) main: The GPIO pin is currently: 1

I (30674) main: Going to sleep for 250ms
I (30935) main: Going to sleep for 250ms
I (31667) main: The GPIO pin is currently: 0

I (32197) main: Going to sleep for 250ms
I (32458) main: Going to sleep for 250ms
I (32710) main: The GPIO pin is currently: 1

I (33710) main: The GPIO pin is currently: 1

I (33711) main: Going to sleep for 250ms
I (33973) main: Going to sleep for 250ms
I (34715) main: The GPIO pin is currently: 0

I (35235) main: Going to sleep for 250ms
I (35497) main: Going to sleep for 250ms
I (35748) main: The GPIO pin is currently: 1

